2025-03-06 13:11:08,363 - fw_comparison - INFO - Testing problem size: 10x2 with max_sensors=2
2025-03-06 13:11:08,363 - fw_comparison - INFO - Repetition 1/3
2025-03-06 13:11:08,368 - fw_comparison - INFO - Running original implementation...
2025-03-06 13:11:08,397 - fw_comparison - INFO - Iteration 0: obj=1.256247, step=0.500000, gap=6.595645e+00, grad_norm=9.730062e+00, time=0.026s
2025-03-06 13:11:08,700 - fw_comparison - INFO - Iteration 10: obj=5.369868, step=0.062500, gap=2.916846e+00, grad_norm=9.489056e+00, time=0.039s
2025-03-06 13:11:09,028 - fw_comparison - INFO - Iteration 20: obj=5.749389, step=0.007812, gap=2.302283e+00, grad_norm=1.022800e+01, time=0.038s
2025-03-06 13:11:09,155 - fw_comparison - INFO - Converged at iteration 24: objective value stabilized
2025-03-06 13:11:09,158 - fw_comparison - INFO - Running Gurobi implementation...
2025-03-06 13:11:09,168 - gurobipy - INFO - Set parameter Username
2025-03-06 13:11:09,168 - gurobipy - INFO - Set parameter LicenseID to value 2600355
2025-03-06 13:11:09,168 - gurobipy - INFO - Academic license - for non-commercial use only - expires 2025-12-17
2025-03-06 13:11:09,185 - fw_comparison - INFO - Iteration 0: obj=1.256247, step=0.500000, gap=6.595645e+00, grad_norm=9.730062e+00, time=0.025s
2025-03-06 13:11:09,481 - fw_comparison - INFO - Iteration 10: obj=5.369868, step=0.062500, gap=2.916846e+00, grad_norm=9.489056e+00, time=0.031s
2025-03-06 13:11:09,803 - fw_comparison - INFO - Iteration 20: obj=5.749389, step=0.007812, gap=2.302283e+00, grad_norm=1.022800e+01, time=0.033s
2025-03-06 13:11:09,926 - fw_comparison - INFO - Converged at iteration 24: objective value stabilized
2025-03-06 13:11:09,929 - fw_comparison - INFO - Original: 0.79s, 25 iters, obj=5.763894
2025-03-06 13:11:09,929 - fw_comparison - INFO - Gurobi: 0.77s, 25 iters, obj=5.763894
2025-03-06 13:11:09,929 - fw_comparison - INFO - Speedup: 1.02x
2025-03-06 13:11:09,929 - fw_comparison - INFO - Repetition 2/3
2025-03-06 13:11:09,933 - fw_comparison - INFO - Running original implementation...
2025-03-06 13:11:09,956 - fw_comparison - INFO - Iteration 0: obj=0.700834, step=1.000000, gap=1.891611e+01, grad_norm=1.933508e+01, time=0.020s
2025-03-06 13:11:10,215 - fw_comparison - INFO - Iteration 10: obj=7.547211, step=0.062500, gap=1.555108e+00, grad_norm=1.284832e+01, time=0.029s
2025-03-06 13:11:10,556 - fw_comparison - INFO - Iteration 20: obj=7.884376, step=0.003906, gap=4.328483e+00, grad_norm=1.447682e+01, time=0.041s
2025-03-06 13:11:10,725 - fw_comparison - INFO - Converged at iteration 25: objective value stabilized
2025-03-06 13:11:10,728 - fw_comparison - INFO - Running Gurobi implementation...
2025-03-06 13:11:10,751 - fw_comparison - INFO - Iteration 0: obj=0.700834, step=1.000000, gap=1.891611e+01, grad_norm=1.933508e+01, time=0.020s
2025-03-06 13:11:11,017 - fw_comparison - INFO - Iteration 10: obj=7.547211, step=0.062500, gap=1.555108e+00, grad_norm=1.284832e+01, time=0.031s
2025-03-06 13:11:11,360 - fw_comparison - INFO - Iteration 20: obj=7.884376, step=0.003906, gap=4.328483e+00, grad_norm=1.447682e+01, time=0.040s
2025-03-06 13:11:11,530 - fw_comparison - INFO - Converged at iteration 25: objective value stabilized
2025-03-06 13:11:11,533 - fw_comparison - INFO - Original: 0.79s, 26 iters, obj=7.894626
2025-03-06 13:11:11,533 - fw_comparison - INFO - Gurobi: 0.81s, 26 iters, obj=7.894626
2025-03-06 13:11:11,533 - fw_comparison - INFO - Speedup: 0.99x
2025-03-06 13:11:11,534 - fw_comparison - INFO - Repetition 3/3
2025-03-06 13:11:11,537 - fw_comparison - INFO - Running original implementation...
2025-03-06 13:11:11,557 - fw_comparison - INFO - Iteration 0: obj=0.730539, step=2.000000, gap=2.206157e+01, grad_norm=2.093668e+01, time=0.016s
2025-03-06 13:11:11,790 - fw_comparison - INFO - Iteration 10: obj=8.651350, step=0.062500, gap=4.479789e+00, grad_norm=1.509138e+01, time=0.025s
2025-03-06 13:11:12,025 - fw_comparison - INFO - Converged at iteration 18: objective value stabilized
2025-03-06 13:11:12,027 - fw_comparison - INFO - Running Gurobi implementation...
2025-03-06 13:11:12,046 - fw_comparison - INFO - Iteration 0: obj=0.730539, step=2.000000, gap=2.206157e+01, grad_norm=2.093668e+01, time=0.017s
2025-03-06 13:11:12,309 - fw_comparison - INFO - Iteration 10: obj=8.651350, step=0.062500, gap=4.479789e+00, grad_norm=1.509138e+01, time=0.030s
2025-03-06 13:11:12,571 - fw_comparison - INFO - Converged at iteration 18: objective value stabilized
2025-03-06 13:11:12,574 - fw_comparison - INFO - Original: 0.49s, 19 iters, obj=8.829919
2025-03-06 13:11:12,574 - fw_comparison - INFO - Gurobi: 0.55s, 19 iters, obj=8.829919
2025-03-06 13:11:12,574 - fw_comparison - INFO - Speedup: 0.90x
2025-03-06 13:11:12,574 - fw_comparison - INFO - Average results for 10x2:
2025-03-06 13:11:12,574 - fw_comparison - INFO - Original: 0.69s, 23.3 iters, obj=7.496146
2025-03-06 13:11:12,574 - fw_comparison - INFO - Gurobi: 0.71s, 23.3 iters, obj=7.496146
2025-03-06 13:11:12,574 - fw_comparison - INFO - Speedup: 0.98x
2025-03-06 13:11:12,574 - fw_comparison - INFO - --------------------------------------------------
2025-03-06 13:11:12,574 - fw_comparison - INFO - Testing problem size: 15x3 with max_sensors=3
2025-03-06 13:11:12,574 - fw_comparison - INFO - Repetition 1/3
2025-03-06 13:11:12,581 - fw_comparison - INFO - Running original implementation...
2025-03-06 13:11:12,621 - fw_comparison - INFO - Iteration 0: obj=2.041252, step=1.000000, gap=3.059150e+01, grad_norm=2.815086e+01, time=0.034s
2025-03-06 13:11:13,193 - fw_comparison - INFO - Iteration 10: obj=12.687079, step=0.015625, gap=1.126070e+01, grad_norm=2.145227e+01, time=0.062s
2025-03-06 13:11:13,762 - fw_comparison - INFO - Converged at iteration 18: objective value stabilized
2025-03-06 13:11:13,768 - fw_comparison - INFO - Running Gurobi implementation...
2025-03-06 13:11:13,812 - fw_comparison - INFO - Iteration 0: obj=2.041252, step=1.000000, gap=3.059150e+01, grad_norm=2.815086e+01, time=0.039s
2025-03-06 13:11:14,403 - fw_comparison - INFO - Iteration 10: obj=12.687079, step=0.015625, gap=1.126070e+01, grad_norm=2.145227e+01, time=0.075s
2025-03-06 13:11:15,011 - fw_comparison - INFO - Converged at iteration 18: objective value stabilized
2025-03-06 13:11:15,019 - fw_comparison - INFO - Original: 1.19s, 19 iters, obj=12.943210
2025-03-06 13:11:15,019 - fw_comparison - INFO - Gurobi: 1.25s, 19 iters, obj=12.943210
2025-03-06 13:11:15,019 - fw_comparison - INFO - Speedup: 0.95x
2025-03-06 13:11:15,019 - fw_comparison - INFO - Repetition 2/3
2025-03-06 13:11:15,028 - fw_comparison - INFO - Running original implementation...
2025-03-06 13:11:15,085 - fw_comparison - INFO - Iteration 0: obj=4.872698, step=0.250000, gap=2.321352e+01, grad_norm=2.680115e+01, time=0.051s
2025-03-06 13:11:15,649 - fw_comparison - INFO - Iteration 10: obj=12.196622, step=0.031250, gap=5.628409e+00, grad_norm=2.100018e+01, time=0.069s
2025-03-06 13:11:16,264 - fw_comparison - INFO - Converged at iteration 18: objective value stabilized
2025-03-06 13:11:16,269 - fw_comparison - INFO - Running Gurobi implementation...
2025-03-06 13:11:16,327 - fw_comparison - INFO - Iteration 0: obj=4.872698, step=0.250000, gap=2.321352e+01, grad_norm=2.680115e+01, time=0.052s
2025-03-06 13:11:16,884 - fw_comparison - INFO - Iteration 10: obj=12.196622, step=0.031250, gap=5.628409e+00, grad_norm=2.100018e+01, time=0.070s
2025-03-06 13:11:17,506 - fw_comparison - INFO - Converged at iteration 18: objective value stabilized
2025-03-06 13:11:17,512 - fw_comparison - INFO - Original: 1.24s, 19 iters, obj=12.360670
2025-03-06 13:11:17,512 - fw_comparison - INFO - Gurobi: 1.24s, 19 iters, obj=12.360670
2025-03-06 13:11:17,512 - fw_comparison - INFO - Speedup: 1.00x
2025-03-06 13:11:17,512 - fw_comparison - INFO - Repetition 3/3
2025-03-06 13:11:17,520 - fw_comparison - INFO - Running original implementation...
2025-03-06 13:11:17,561 - fw_comparison - INFO - Iteration 0: obj=3.618007, step=2.000000, gap=2.158056e+01, grad_norm=2.570328e+01, time=0.035s
2025-03-06 13:11:18,202 - fw_comparison - INFO - Iteration 10: obj=13.548273, step=0.001953, gap=1.093440e+01, grad_norm=2.613544e+01, time=0.080s
2025-03-06 13:11:18,599 - fw_comparison - INFO - Converged at iteration 15: objective value stabilized
2025-03-06 13:11:18,604 - fw_comparison - INFO - Running Gurobi implementation...
2025-03-06 13:11:18,641 - fw_comparison - INFO - Iteration 0: obj=3.618007, step=2.000000, gap=2.158056e+01, grad_norm=2.570328e+01, time=0.031s
2025-03-06 13:11:19,288 - fw_comparison - INFO - Iteration 10: obj=13.548273, step=0.001953, gap=1.093440e+01, grad_norm=2.613544e+01, time=0.078s
2025-03-06 13:11:19,706 - fw_comparison - INFO - Converged at iteration 15: objective value stabilized
2025-03-06 13:11:19,712 - fw_comparison - INFO - Original: 1.08s, 16 iters, obj=13.562848
2025-03-06 13:11:19,712 - fw_comparison - INFO - Gurobi: 1.11s, 16 iters, obj=13.562848
2025-03-06 13:11:19,712 - fw_comparison - INFO - Speedup: 0.98x
2025-03-06 13:11:19,712 - fw_comparison - INFO - Average results for 15x3:
2025-03-06 13:11:19,712 - fw_comparison - INFO - Original: 1.17s, 18.0 iters, obj=12.955576
2025-03-06 13:11:19,712 - fw_comparison - INFO - Gurobi: 1.20s, 18.0 iters, obj=12.955576
2025-03-06 13:11:19,712 - fw_comparison - INFO - Speedup: 0.98x
2025-03-06 13:11:19,712 - fw_comparison - INFO - --------------------------------------------------
2025-03-06 13:11:19,712 - fw_comparison - INFO - Testing problem size: 20x4 with max_sensors=4
2025-03-06 13:11:19,712 - fw_comparison - INFO - Repetition 1/3
2025-03-06 13:11:19,726 - fw_comparison - INFO - Running original implementation...
2025-03-06 13:11:19,825 - fw_comparison - INFO - Iteration 0: obj=5.460603, step=0.500000, gap=2.892529e+01, grad_norm=3.238949e+01, time=0.089s
2025-03-06 13:11:20,704 - fw_comparison - INFO - Iteration 10: obj=18.286247, step=0.062500, gap=1.986415e+01, grad_norm=3.420757e+01, time=0.096s
2025-03-06 13:11:21,895 - fw_comparison - INFO - Iteration 20: obj=19.250915, step=0.003906, gap=1.257265e+01, grad_norm=3.139072e+01, time=0.127s
2025-03-06 13:11:22,414 - fw_comparison - INFO - Converged at iteration 24: objective value stabilized
2025-03-06 13:11:22,423 - fw_comparison - INFO - Running Gurobi implementation...
2025-03-06 13:11:22,508 - fw_comparison - INFO - Iteration 0: obj=5.460603, step=0.500000, gap=2.892529e+01, grad_norm=3.238949e+01, time=0.076s
2025-03-06 13:11:23,407 - fw_comparison - INFO - Iteration 10: obj=18.286247, step=0.062500, gap=1.986415e+01, grad_norm=3.420757e+01, time=0.111s
2025-03-06 13:11:24,625 - fw_comparison - INFO - Iteration 20: obj=19.250915, step=0.003906, gap=1.257265e+01, grad_norm=3.139072e+01, time=0.142s
2025-03-06 13:11:25,177 - fw_comparison - INFO - Converged at iteration 24: objective value stabilized
2025-03-06 13:11:25,188 - fw_comparison - INFO - Original: 2.70s, 25 iters, obj=19.295722
2025-03-06 13:11:25,188 - fw_comparison - INFO - Gurobi: 2.77s, 25 iters, obj=19.295722
2025-03-06 13:11:25,188 - fw_comparison - INFO - Speedup: 0.98x
2025-03-06 13:11:25,188 - fw_comparison - INFO - Repetition 2/3
2025-03-06 13:11:25,203 - fw_comparison - INFO - Running original implementation...
2025-03-06 13:11:25,298 - fw_comparison - INFO - Iteration 0: obj=10.044354, step=0.500000, gap=1.778128e+01, grad_norm=2.873723e+01, time=0.086s
2025-03-06 13:11:26,259 - fw_comparison - INFO - Iteration 10: obj=17.692185, step=0.015625, gap=2.394726e+01, grad_norm=3.565467e+01, time=0.133s
2025-03-06 13:11:27,496 - fw_comparison - INFO - Iteration 20: obj=18.515317, step=0.015625, gap=2.545814e+01, grad_norm=3.671368e+01, time=0.134s
2025-03-06 13:11:28,909 - fw_comparison - INFO - Iteration 30: obj=18.854141, step=0.000488, gap=2.278359e+01, grad_norm=3.664568e+01, time=0.160s
2025-03-06 13:11:28,931 - fw_comparison - INFO - Converged at iteration 31: objective value stabilized
2025-03-06 13:11:28,939 - fw_comparison - INFO - Running Gurobi implementation...
2025-03-06 13:11:29,027 - fw_comparison - INFO - Iteration 0: obj=10.044354, step=0.500000, gap=1.778128e+01, grad_norm=2.873723e+01, time=0.079s
2025-03-06 13:11:29,933 - fw_comparison - INFO - Iteration 10: obj=17.692185, step=0.015625, gap=2.394726e+01, grad_norm=3.565467e+01, time=0.130s
2025-03-06 13:11:31,126 - fw_comparison - INFO - Iteration 20: obj=18.515317, step=0.015625, gap=2.545814e+01, grad_norm=3.671368e+01, time=0.117s
2025-03-06 13:11:32,588 - fw_comparison - INFO - Iteration 30: obj=18.854141, step=0.000488, gap=2.278359e+01, grad_norm=3.664568e+01, time=0.176s
2025-03-06 13:11:32,610 - fw_comparison - INFO - Converged at iteration 31: objective value stabilized
2025-03-06 13:11:32,619 - fw_comparison - INFO - Original: 3.74s, 32 iters, obj=18.854594
2025-03-06 13:11:32,619 - fw_comparison - INFO - Gurobi: 3.68s, 32 iters, obj=18.854594
2025-03-06 13:11:32,619 - fw_comparison - INFO - Speedup: 1.02x
2025-03-06 13:11:32,619 - fw_comparison - INFO - Repetition 3/3
2025-03-06 13:11:32,632 - fw_comparison - INFO - Running original implementation...
2025-03-06 13:11:32,725 - fw_comparison - INFO - Iteration 0: obj=6.802141, step=0.500000, gap=3.204868e+01, grad_norm=3.547390e+01, time=0.083s
2025-03-06 13:11:33,667 - fw_comparison - INFO - Iteration 10: obj=18.889164, step=0.062500, gap=2.061191e+01, grad_norm=3.541757e+01, time=0.110s
2025-03-06 13:11:35,141 - fw_comparison - INFO - Iteration 20: obj=19.590653, step=0.000244, gap=2.312776e+01, grad_norm=3.663804e+01, time=0.200s
2025-03-06 13:11:35,166 - fw_comparison - INFO - Converged at iteration 21: objective value stabilized
2025-03-06 13:11:35,177 - fw_comparison - INFO - Running Gurobi implementation...
2025-03-06 13:11:35,265 - fw_comparison - INFO - Iteration 0: obj=6.802141, step=0.500000, gap=3.204868e+01, grad_norm=3.547390e+01, time=0.078s
2025-03-06 13:11:36,136 - fw_comparison - INFO - Iteration 10: obj=18.889164, step=0.062500, gap=2.061191e+01, grad_norm=3.541757e+01, time=0.101s
2025-03-06 13:11:37,539 - fw_comparison - INFO - Iteration 20: obj=19.590653, step=0.000244, gap=2.312776e+01, grad_norm=3.663804e+01, time=0.166s
2025-03-06 13:11:37,566 - fw_comparison - INFO - Converged at iteration 21: objective value stabilized
2025-03-06 13:11:37,576 - fw_comparison - INFO - Original: 2.54s, 22 iters, obj=19.591080
2025-03-06 13:11:37,576 - fw_comparison - INFO - Gurobi: 2.40s, 22 iters, obj=19.591080
2025-03-06 13:11:37,576 - fw_comparison - INFO - Speedup: 1.06x
2025-03-06 13:11:37,576 - fw_comparison - INFO - Average results for 20x4:
2025-03-06 13:11:37,576 - fw_comparison - INFO - Original: 2.99s, 26.3 iters, obj=19.247132
2025-03-06 13:11:37,576 - fw_comparison - INFO - Gurobi: 2.95s, 26.3 iters, obj=19.247132
2025-03-06 13:11:37,576 - fw_comparison - INFO - Speedup: 1.02x
2025-03-06 13:11:37,576 - fw_comparison - INFO - --------------------------------------------------
