2025-03-06 13:08:44,404 - fw_comparison - INFO - Testing problem size: 10x2 with max_sensors=2
2025-03-06 13:08:44,404 - fw_comparison - INFO - Repetition 1/1
2025-03-06 13:08:44,421 - fw_comparison - INFO - Running original implementation...
2025-03-06 13:08:44,459 - fw_comparison - INFO - Iteration 0: obj=1.256247, step=0.500000, gap=6.595645e+00, grad_norm=9.730062e+00, time=0.031s
2025-03-06 13:08:44,774 - fw_comparison - INFO - Iteration 10: obj=5.369868, step=0.062500, gap=2.916846e+00, grad_norm=9.489056e+00, time=0.032s
2025-03-06 13:08:45,192 - fw_comparison - INFO - Iteration 20: obj=5.749389, step=0.007812, gap=2.302283e+00, grad_norm=1.022800e+01, time=0.043s
2025-03-06 13:08:45,331 - fw_comparison - INFO - Converged at iteration 24: objective value stabilized
2025-03-06 13:08:45,334 - fw_comparison - INFO - Running Gurobi implementation...
2025-03-06 13:08:45,349 - gurobipy - INFO - Set parameter Username
2025-03-06 13:08:45,349 - gurobipy - INFO - Set parameter LicenseID to value 2600355
2025-03-06 13:08:45,350 - gurobipy - INFO - Academic license - for non-commercial use only - expires 2025-12-17
2025-03-06 13:08:45,379 - fw_comparison - INFO - Iteration 0: obj=1.256247, step=0.500000, gap=6.595645e+00, grad_norm=9.730062e+00, time=0.042s
2025-03-06 13:08:45,699 - fw_comparison - INFO - Iteration 10: obj=5.369868, step=0.062500, gap=2.916846e+00, grad_norm=9.489056e+00, time=0.035s
2025-03-06 13:08:46,108 - fw_comparison - INFO - Iteration 20: obj=5.749389, step=0.007812, gap=2.302283e+00, grad_norm=1.022800e+01, time=0.046s
2025-03-06 13:08:46,262 - fw_comparison - INFO - Converged at iteration 24: objective value stabilized
2025-03-06 13:08:46,264 - fw_comparison - INFO - Original: 0.91s, 25 iters, obj=5.763894
2025-03-06 13:08:46,265 - fw_comparison - INFO - Gurobi: 0.93s, 25 iters, obj=5.763894
2025-03-06 13:08:46,265 - fw_comparison - INFO - Speedup: 0.98x
2025-03-06 13:08:46,265 - fw_comparison - INFO - Average results for 10x2:
2025-03-06 13:08:46,265 - fw_comparison - INFO - Original: 0.91s, 25.0 iters, obj=5.763894
2025-03-06 13:08:46,265 - fw_comparison - INFO - Gurobi: 0.93s, 25.0 iters, obj=5.763894
2025-03-06 13:08:46,265 - fw_comparison - INFO - Speedup: 0.98x
2025-03-06 13:08:46,265 - fw_comparison - INFO - --------------------------------------------------
2025-03-06 13:08:46,265 - fw_comparison - INFO - Testing problem size: 15x3 with max_sensors=3
2025-03-06 13:08:46,265 - fw_comparison - INFO - Repetition 1/1
2025-03-06 13:08:46,274 - fw_comparison - INFO - Running original implementation...
2025-03-06 13:08:46,323 - fw_comparison - INFO - Iteration 0: obj=2.041252, step=1.000000, gap=3.059150e+01, grad_norm=2.815086e+01, time=0.043s
2025-03-06 13:08:46,979 - fw_comparison - INFO - Iteration 10: obj=12.687079, step=0.015625, gap=1.126070e+01, grad_norm=2.145227e+01, time=0.086s
2025-03-06 13:08:47,650 - fw_comparison - INFO - Converged at iteration 18: objective value stabilized
2025-03-06 13:08:47,657 - fw_comparison - INFO - Running Gurobi implementation...
2025-03-06 13:08:47,710 - fw_comparison - INFO - Iteration 0: obj=2.041252, step=1.000000, gap=3.059150e+01, grad_norm=2.815086e+01, time=0.046s
2025-03-06 13:08:48,359 - fw_comparison - INFO - Iteration 10: obj=12.687079, step=0.015625, gap=1.126070e+01, grad_norm=2.145227e+01, time=0.084s
2025-03-06 13:08:49,039 - fw_comparison - INFO - Converged at iteration 18: objective value stabilized
2025-03-06 13:08:49,046 - fw_comparison - INFO - Original: 1.38s, 19 iters, obj=12.943210
2025-03-06 13:08:49,046 - fw_comparison - INFO - Gurobi: 1.39s, 19 iters, obj=12.943210
2025-03-06 13:08:49,046 - fw_comparison - INFO - Speedup: 1.00x
2025-03-06 13:08:49,046 - fw_comparison - INFO - Average results for 15x3:
2025-03-06 13:08:49,046 - fw_comparison - INFO - Original: 1.38s, 19.0 iters, obj=12.943210
2025-03-06 13:08:49,046 - fw_comparison - INFO - Gurobi: 1.39s, 19.0 iters, obj=12.943210
2025-03-06 13:08:49,046 - fw_comparison - INFO - Speedup: 1.00x
2025-03-06 13:08:49,047 - fw_comparison - INFO - --------------------------------------------------
2025-03-06 13:08:49,047 - fw_comparison - INFO - Comparing convergence for 15x3 problem with max_sensors=5
2025-03-06 13:08:49,056 - fw_comparison - INFO - Running original implementation...
2025-03-06 13:08:49,100 - fw_comparison - INFO - Iteration 0: obj=6.101664, step=2.000000, gap=3.108987e+01, grad_norm=2.449636e+01, time=0.038s
2025-03-06 13:08:49,743 - fw_comparison - INFO - Iteration 10: obj=19.052176, step=0.031250, gap=1.888718e+01, grad_norm=2.322658e+01, time=0.079s
2025-03-06 13:08:50,571 - fw_comparison - INFO - Iteration 20: obj=20.105730, step=0.001953, gap=1.365915e+01, grad_norm=2.079753e+01, time=0.101s
2025-03-06 13:08:51,570 - fw_comparison - INFO - Iteration 30: obj=20.205751, step=0.007812, gap=9.297948e+00, grad_norm=2.027240e+01, time=0.093s
2025-03-06 13:08:52,573 - fw_comparison - INFO - Iteration 40: obj=20.317635, step=0.001953, gap=1.120463e+01, grad_norm=2.009779e+01, time=0.107s
2025-03-06 13:08:53,563 - fw_comparison - INFO - Running Gurobi implementation...
2025-03-06 13:08:53,608 - fw_comparison - INFO - Iteration 0: obj=6.101664, step=2.000000, gap=3.108987e+01, grad_norm=2.449636e+01, time=0.039s
2025-03-06 13:08:54,266 - fw_comparison - INFO - Iteration 10: obj=19.052176, step=0.031250, gap=1.888718e+01, grad_norm=2.322658e+01, time=0.072s
2025-03-06 13:08:55,107 - fw_comparison - INFO - Iteration 20: obj=20.105730, step=0.001953, gap=1.365915e+01, grad_norm=2.079753e+01, time=0.111s
2025-03-06 13:08:56,091 - fw_comparison - INFO - Iteration 30: obj=20.205751, step=0.007812, gap=9.297948e+00, grad_norm=2.027240e+01, time=0.086s
2025-03-06 13:08:57,059 - fw_comparison - INFO - Iteration 40: obj=20.317635, step=0.001953, gap=1.120463e+01, grad_norm=2.009779e+01, time=0.105s
